Performing Test Weak Link MODULE -> SHARED (gnu_ld_ignore) failed with the following output:
BUILD
-----
Change Dir: /Users/sergey/code/python/libsegm/_skbuild/macosx-10.15-x86_64-3.9/cmake-build/CMakeTmp/link_flags/gnu_ld_ignore/MODULE/SHARED/build

Run Build Command(s):/usr/local/bin/ninja && [1/6] Building C object CMakeFiles/counter.dir/counter.c.o
[2/6] Building C object CMakeFiles/number.dir/number.c.o
[3/6] Building C object CMakeFiles/main.dir/main.c.o
[4/6] Linking C shared module counter.so
FAILED: counter.so 
: && /Applications/Xcode.app/Contents/Developer/Toolchains/XcodeDefault.xctoolchain/usr/bin/cc  -isysroot /Applications/Xcode.app/Contents/Developer/Platforms/MacOSX.platform/Developer/SDKs/MacOSX10.15.sdk -bundle -Wl,-headerpad_max_install_names -Wl,--unresolved-symbols=ignore-all -o counter.so CMakeFiles/counter.dir/counter.c.o   && :
ld: unknown option: --unresolved-symbols=ignore-all
clang: error: linker command failed with exit code 1 (use -v to see invocation)
[5/6] Linking C shared library libnumber.dylib
ninja: build stopped: subcommand failed.


RUN
---

